21/11/2016 14:14:42, Info: Initializing SIMPLSharp Services...
21/11/2016 14:14:42, Info: ProjectInfo successfully initialized.
21/11/2016 14:14:53, Info: Commiting verification transaction...
21/11/2016 14:14:53, Info: Saving project information...
21/11/2016 15:35:23, Info: Initializing SIMPLSharp Services...
21/11/2016 15:35:23, Info: ProjectInfo successfully initialized.
21/11/2016 15:35:33, Info: Commiting verification transaction...
21/11/2016 15:35:33, Info: Saving project information...
21/11/2016 15:36:06, Info: Initializing SIMPLSharp Services...
21/11/2016 15:36:06, Info: ProjectInfo successfully initialized.
21/11/2016 15:36:11, Info: Commiting verification transaction...
21/11/2016 15:36:11, Info: Saving project information...
21/11/2016 15:56:46, Info: Initializing SIMPLSharp Services...
21/11/2016 15:56:46, Info: ProjectInfo successfully initialized.
21/11/2016 15:56:52, Info: Commiting verification transaction...
21/11/2016 15:56:52, Info: Saving project information...
21/11/2016 15:58:44, Info: Initializing SIMPLSharp Services...
21/11/2016 15:58:44, Info: ProjectInfo successfully initialized.
21/11/2016 15:58:49, Info: Commiting verification transaction...
21/11/2016 15:58:49, Info: Saving project information...
21/11/2016 16:00:17, Info: Initializing SIMPLSharp Services...
21/11/2016 16:00:17, Info: ProjectInfo successfully initialized.
21/11/2016 16:00:22, Info: Commiting verification transaction...
21/11/2016 16:00:22, Info: Saving project information...
21/11/2016 16:07:30, Info: Initializing SIMPLSharp Services...
21/11/2016 16:07:30, Info: ProjectInfo successfully initialized.
21/11/2016 16:07:52, Info: Commiting verification transaction...
21/11/2016 16:07:52, Info: Saving project information...
21/11/2016 16:08:21, Info: Initializing SIMPLSharp Services...
21/11/2016 16:08:21, Info: ProjectInfo successfully initialized.
21/11/2016 16:08:30, Info: Commiting verification transaction...
21/11/2016 16:08:30, Info: Saving project information...
21/11/2016 16:13:07, Info: Terminating SIMPLSharp Services
21/11/2016 16:13:07, Info: Saving project information...
21/11/2016 16:13:07, Info: Terminating SIMPLSharp Services
21/11/2016 16:13:07, Info: Saving project information...
21/11/2016 16:13:07, Info: Terminating SIMPLSharp Services
21/11/2016 16:13:07, Info: Saving project information...
21/11/2016 16:13:07, Info: Terminating SIMPLSharp Services
21/11/2016 16:13:07, Info: Saving project information...
21/11/2016 16:13:07, Info: Terminating SIMPLSharp Services
21/11/2016 16:13:07, Info: Saving project information...
21/11/2016 16:13:07, Info: Terminating SIMPLSharp Services
21/11/2016 16:13:07, Info: Saving project information...
21/11/2016 16:13:07, Info: Terminating SIMPLSharp Services
21/11/2016 16:13:07, Info: Saving project information...
21/11/2016 16:13:07, Info: Terminating SIMPLSharp Services
