23/11/2016 12:02:11, Info: Initializing SIMPLSharp Services...
23/11/2016 12:02:13, Info: ProjectInfo successfully initialized.
23/11/2016 12:02:47, Info: Commiting verification transaction...
23/11/2016 12:02:47, Info: Saving project information...
23/11/2016 12:08:24, Info: Initializing SIMPLSharp Services...
23/11/2016 12:08:24, Info: ProjectInfo successfully initialized.
23/11/2016 12:08:36, Info: Commiting verification transaction...
23/11/2016 12:08:36, Info: Saving project information...
23/11/2016 12:17:06, Info: Initializing SIMPLSharp Services...
23/11/2016 12:17:06, Info: ProjectInfo successfully initialized.
23/11/2016 12:17:13, Info: Commiting verification transaction...
23/11/2016 12:17:13, Info: Saving project information...
23/11/2016 12:39:13, Info: Initializing SIMPLSharp Services...
23/11/2016 12:39:13, Info: ProjectInfo successfully initialized.
23/11/2016 12:39:20, Info: Commiting verification transaction...
23/11/2016 12:39:20, Info: Saving project information...
23/11/2016 12:42:30, Info: Initializing SIMPLSharp Services...
23/11/2016 12:42:30, Info: ProjectInfo successfully initialized.
23/11/2016 12:42:39, Info: Commiting verification transaction...
23/11/2016 12:42:39, Info: Saving project information...
23/11/2016 12:49:02, Info: Initializing SIMPLSharp Services...
23/11/2016 12:49:02, Info: ProjectInfo successfully initialized.
23/11/2016 12:49:09, Info: Commiting verification transaction...
23/11/2016 12:49:09, Info: Saving project information...
23/11/2016 12:51:07, Info: Initializing SIMPLSharp Services...
23/11/2016 12:51:07, Info: ProjectInfo successfully initialized.
23/11/2016 12:51:14, Info: Commiting verification transaction...
23/11/2016 12:51:14, Info: Saving project information...
23/11/2016 12:56:40, Info: Initializing SIMPLSharp Services...
23/11/2016 12:56:40, Info: ProjectInfo successfully initialized.
23/11/2016 12:56:47, Info: Commiting verification transaction...
23/11/2016 12:56:47, Info: Saving project information...
23/11/2016 13:01:17, Info: Initializing SIMPLSharp Services...
23/11/2016 13:01:17, Info: ProjectInfo successfully initialized.
23/11/2016 13:01:25, Info: Commiting verification transaction...
23/11/2016 13:01:25, Info: Saving project information...
23/11/2016 13:18:28, Info: Terminating SIMPLSharp Services
23/11/2016 13:18:28, Info: Saving project information...
23/11/2016 13:18:28, Info: Terminating SIMPLSharp Services
23/11/2016 13:18:28, Info: Saving project information...
23/11/2016 13:18:28, Info: Terminating SIMPLSharp Services
23/11/2016 13:18:28, Info: Saving project information...
23/11/2016 13:18:28, Info: Terminating SIMPLSharp Services
23/11/2016 13:18:28, Info: Saving project information...
23/11/2016 13:18:28, Info: Terminating SIMPLSharp Services
23/11/2016 13:18:28, Info: Saving project information...
23/11/2016 13:18:28, Info: Terminating SIMPLSharp Services
23/11/2016 13:18:28, Info: Saving project information...
23/11/2016 13:18:28, Info: Terminating SIMPLSharp Services
23/11/2016 13:18:28, Info: Saving project information...
23/11/2016 13:18:28, Info: Terminating SIMPLSharp Services
23/11/2016 13:18:28, Info: Saving project information...
23/11/2016 13:18:28, Info: Terminating SIMPLSharp Services
