21/11/2016 16:14:48, Info: Initializing SIMPLSharp Services...
21/11/2016 16:14:48, Info: ProjectInfo successfully initialized.
21/11/2016 16:15:09, Info: Commiting verification transaction...
21/11/2016 16:15:09, Info: Saving project information...
21/11/2016 16:18:22, Info: Initializing SIMPLSharp Services...
21/11/2016 16:18:22, Info: ProjectInfo successfully initialized.
21/11/2016 16:18:28, Info: Commiting verification transaction...
21/11/2016 16:18:28, Info: Saving project information...
21/11/2016 16:18:43, Info: Initializing SIMPLSharp Services...
21/11/2016 16:18:43, Info: ProjectInfo successfully initialized.
21/11/2016 16:18:47, Info: Commiting verification transaction...
21/11/2016 16:18:47, Info: Saving project information...
21/11/2016 16:19:57, Info: Initializing SIMPLSharp Services...
21/11/2016 16:19:57, Info: ProjectInfo successfully initialized.
21/11/2016 16:20:10, Info: Commiting verification transaction...
21/11/2016 16:20:10, Info: Saving project information...
21/11/2016 16:22:05, Info: Initializing SIMPLSharp Services...
21/11/2016 16:22:05, Info: ProjectInfo successfully initialized.
21/11/2016 16:22:10, Info: Commiting verification transaction...
21/11/2016 16:22:10, Info: Saving project information...
21/11/2016 16:22:15, Info: Terminating SIMPLSharp Services
21/11/2016 16:22:15, Info: Saving project information...
21/11/2016 16:22:15, Info: Terminating SIMPLSharp Services
21/11/2016 16:22:15, Info: Saving project information...
21/11/2016 16:22:15, Info: Terminating SIMPLSharp Services
21/11/2016 16:22:15, Info: Saving project information...
21/11/2016 16:22:15, Info: Terminating SIMPLSharp Services
21/11/2016 16:22:15, Info: Saving project information...
21/11/2016 16:22:15, Info: Terminating SIMPLSharp Services
